d:\github仓库\key-knowledge\principle_of_code_execution\principle_of_code_execution\debug\vc120.pdb
d:\github仓库\key-knowledge\principle_of_code_execution\principle_of_code_execution\debug\vc120.idb
d:\github仓库\key-knowledge\principle_of_code_execution\principle_of_code_execution\debug\add.obj
d:\github仓库\key-knowledge\principle_of_code_execution\principle_of_code_execution\debug\test.obj
d:\github仓库\key-knowledge\principle_of_code_execution\debug\principle_of_code_execution.pdb
d:\github仓库\key-knowledge\principle_of_code_execution\principle_of_code_execution\debug\principl.8adb8226.tlog\cl.command.1.tlog
d:\github仓库\key-knowledge\principle_of_code_execution\principle_of_code_execution\debug\principl.8adb8226.tlog\cl.read.1.tlog
d:\github仓库\key-knowledge\principle_of_code_execution\principle_of_code_execution\debug\principl.8adb8226.tlog\cl.write.1.tlog
d:\github仓库\key-knowledge\principle_of_code_execution\principle_of_code_execution\debug\principl.8adb8226.tlog\link-cvtres.read.1.tlog
d:\github仓库\key-knowledge\principle_of_code_execution\principle_of_code_execution\debug\principl.8adb8226.tlog\link-cvtres.write.1.tlog
d:\github仓库\key-knowledge\principle_of_code_execution\principle_of_code_execution\debug\principl.8adb8226.tlog\link-rc.read.1.tlog
d:\github仓库\key-knowledge\principle_of_code_execution\principle_of_code_execution\debug\principl.8adb8226.tlog\link-rc.write.1.tlog
d:\github仓库\key-knowledge\principle_of_code_execution\principle_of_code_execution\debug\principl.8adb8226.tlog\link.11792-cvtres.read.1.tlog
d:\github仓库\key-knowledge\principle_of_code_execution\principle_of_code_execution\debug\principl.8adb8226.tlog\link.11792-cvtres.write.1.tlog
d:\github仓库\key-knowledge\principle_of_code_execution\principle_of_code_execution\debug\principl.8adb8226.tlog\link.11792-rc.read.1.tlog
d:\github仓库\key-knowledge\principle_of_code_execution\principle_of_code_execution\debug\principl.8adb8226.tlog\link.11792-rc.write.1.tlog
d:\github仓库\key-knowledge\principle_of_code_execution\principle_of_code_execution\debug\principl.8adb8226.tlog\link.11792.read.1.tlog
d:\github仓库\key-knowledge\principle_of_code_execution\principle_of_code_execution\debug\principl.8adb8226.tlog\link.11792.write.1.tlog
d:\github仓库\key-knowledge\principle_of_code_execution\principle_of_code_execution\debug\principl.8adb8226.tlog\link.command.1.tlog
d:\github仓库\key-knowledge\principle_of_code_execution\principle_of_code_execution\debug\principl.8adb8226.tlog\link.read.1.tlog
d:\github仓库\key-knowledge\principle_of_code_execution\principle_of_code_execution\debug\principl.8adb8226.tlog\link.write.1.tlog
